--- Commit 102 ---
[+] Payload Generation
Generating payload #1 for ngx_ssl_shutdown...
Failed...
Generating payload #2 for ngx_ssl_shutdown...
Failed...
Generating payload #3 for ngx_ssl_shutdown...
Failed...
Generating payload #4 for ngx_ssl_shutdown...
Failed...
Generating payload #5 for ngx_ssl_shutdown...
Failed...
Generating payload #6 for ngx_ssl_shutdown...
Failed...
Generating payload #7 for ngx_ssl_shutdown...
Failed...
Generating payload #8 for ngx_ssl_shutdown...
Failed...
Generating payload #9 for ngx_ssl_shutdown...
Failed...
Generating payload #10 for ngx_ssl_shutdown...
Failed...
Payload generation for ngx_ssl_shutdown terminates.
Generating payload #1 for ngx_mail_smtp_noop...
Failed...
Generating payload #2 for ngx_mail_smtp_noop...
Failed...
Generating payload #3 for ngx_mail_smtp_noop...
Failed...
Generating payload #4 for ngx_mail_smtp_noop...
Failed...
Generating payload #5 for ngx_mail_smtp_noop...
Failed...
Generating payload #6 for ngx_mail_smtp_noop...
Failed...
Generating payload #7 for ngx_mail_smtp_noop...
Failed...
Generating payload #8 for ngx_mail_smtp_noop...
Failed...
Generating payload #9 for ngx_mail_smtp_noop...
Failed...
Generating payload #10 for ngx_mail_smtp_noop...
Failed...
Payload generation for ngx_mail_smtp_noop terminates.
